#
# There is insufficient memory for the Java Runtime Environment to continue.
# Native memory allocation (malloc) failed to allocate 1529696 bytes for Chunk::new
# Possible reasons:
#   The system is out of physical RAM or swap space
#   In 32 bit mode, the process size limit was hit
# Possible solutions:
#   Reduce memory load on the system
#   Increase physical memory or swap space
#   Check if swap backing store is full
#   Use 64 bit Java on a 64 bit OS
#   Decrease Java heap size (-Xmx/-Xms)
#   Decrease number of Java threads
#   Decrease Java thread stack sizes (-Xss)
#   Set larger code cache with -XX:ReservedCodeCacheSize=
# This output file may be truncated or incomplete.
#
#  Out of Memory Error (allocation.cpp:390), pid=5956, tid=3160
#
# JRE version: Java(TM) SE Runtime Environment (8.0_65-b17) (build 1.8.0_65-b17)
# Java VM: Java HotSpot(TM) 64-Bit Server VM (25.65-b01 mixed mode windows-amd64 compressed oops)
# Failed to write core dump. Minidumps are not enabled by default on client versions of Windows
#

---------------  T H R E A D  ---------------

Current thread (0x0000000014dea800):  JavaThread "C2 CompilerThread0" daemon [_thread_in_native, id=3160, stack(0x0000000016700000,0x0000000016800000)]

Stack: [0x0000000016700000,0x0000000016800000]
[error occurred during error reporting (printing stack bounds), id 0xc0000005]

Native frames: (J=compiled Java code, j=interpreted, Vv=VM code, C=native code)


Current CompileTask:
C2:   4175 1681       4       com.android.dx.ssa.DeadCodeRemover::run (194 bytes)


---------------  P R O C E S S  ---------------

Java Threads: ( => current thread )
  0x0000000016c79000 JavaThread "pool-1-thread-4" [_thread_in_Java, id=1260, stack(0x0000000017400000,0x0000000017500000)]
  0x0000000016c77800 JavaThread "pool-1-thread-3" [_thread_in_vm, id=3940, stack(0x0000000017300000,0x0000000017400000)]
  0x0000000016cb9800 JavaThread "pool-1-thread-2" [_thread_blocked, id=4464, stack(0x0000000017200000,0x0000000017300000)]
  0x0000000016cb4800 JavaThread "pool-2-thread-1" [_thread_blocked, id=4124, stack(0x0000000017100000,0x0000000017200000)]
  0x0000000016c4b800 JavaThread "pool-1-thread-1" [_thread_blocked, id=3700, stack(0x0000000017000000,0x0000000017100000)]
  0x0000000016a06800 JavaThread "Service Thread" daemon [_thread_blocked, id=4864, stack(0x0000000016e00000,0x0000000016f00000)]
  0x0000000014e4d800 JavaThread "C1 CompilerThread2" daemon [_thread_blocked, id=4808, stack(0x0000000016900000,0x0000000016a00000)]
  0x0000000014e47800 JavaThread "C2 CompilerThread1" daemon [_thread_in_native, id=5684, stack(0x0000000016800000,0x0000000016900000)]
=>0x0000000014dea800 JavaThread "C2 CompilerThread0" daemon [_thread_in_native, id=3160, stack(0x0000000016700000,0x0000000016800000)]
  0x0000000014de8800 JavaThread "Attach Listener" daemon [_thread_blocked, id=3764, stack(0x0000000016600000,0x0000000016700000)]
  0x0000000014de7000 JavaThread "Signal Dispatcher" daemon [_thread_blocked, id=3424, stack(0x0000000016500000,0x0000000016600000)]
  0x0000000002717000 JavaThread "Finalizer" daemon [_thread_blocked, id=5988, stack(0x0000000016060000,0x0000000016160000)]
  0x000000000270d000 JavaThread "Reference Handler" daemon [_thread_blocked, id=3404, stack(0x0000000015f60000,0x0000000016060000)]
  0x0000000002620800 JavaThread "main" [_thread_in_Java, id=4232, stack(0x0000000002460000,0x0000000002560000)]

Other Threads:
  0x0000000014db8000 VMThread [stack: 0x0000000015e60000,0x0000000015f60000] [id=1100]
  0x0000000016a1b800 WatcherThread [stack: 0x0000000016f00000,0x0000000017000000] [id=6036]

VM state:not at safepoint (normal execution)

VM Mutex/Monitor currently owned by a thread: None

Heap:
 PSYoungGen      total 35328K, used 32830K [0x00000000eab00000, 0x00000000ed000000, 0x0000000100000000)
  eden space 32768K, 92% used [0x00000000eab00000,0x00000000ec896ae8,0x00000000ecb00000)
  from space 2560K, 98% used [0x00000000ecb00000,0x00000000ecd78e40,0x00000000ecd80000)
  to   space 2560K, 0% used [0x00000000ecd80000,0x00000000ecd80000,0x00000000ed000000)
 ParOldGen       total 44032K, used 8553K [0x00000000c0000000, 0x00000000c2b00000, 0x00000000eab00000)
  object space 44032K, 19% used [0x00000000c0000000,0x00000000c085a540,0x00000000c2b00000)
 Metaspace       used 6306K, capacity 7128K, committed 7424K, reserved 1056768K
  class space    used 623K, capacity 656K, committed 768K, reserved 1048576K

Card table byte_map: [0x0000000011ae0000,0x0000000011cf0000] byte_map_base: 0x00000000114e0000

Marking Bits: (ParMarkBitMap*) 0x000000005225a5b0
 Begin Bits: [0x0000000012250000, 0x0000000013250000)
 End Bits:   [0x0000000013250000, 0x0000000014250000)

Polling page: 0x0000000000c60000

CodeCache: size=245760Kb used=7356Kb max_used=7370Kb free=238403Kb
 bounds [0x0000000002720000, 0x0000000002e60000, 0x0000000011720000]
 total_blobs=1912 nmethods=1643 adapters=182
 compilation: enabled

Compilation events (10 events):
Event: 4.078 Thread 0x0000000014e4d800 1688       1       com.android.dx.ssa.PhiInsn::canThrow (2 bytes)
Event: 4.078 Thread 0x0000000014e4d800 nmethod 1688 0x0000000002e42010 code [0x0000000002e42160, 0x0000000002e42270]
Event: 4.085 Thread 0x0000000014e4d800 1700       1       com.android.dx.rop.cst.CstKnownNull::getType (4 bytes)
Event: 4.086 Thread 0x0000000014e4d800 nmethod 1700 0x0000000002e41d50 code [0x0000000002e41ea0, 0x0000000002e41fb0]
Event: 4.097 Thread 0x0000000014e4d800 1702       2       com.android.dx.rop.code.CstInsn::contentEquals (31 bytes)
Event: 4.097 Thread 0x0000000014e4d800 nmethod 1702 0x0000000002e41150 code [0x0000000002e412c0, 0x0000000002e414d8]
Event: 4.100 Thread 0x0000000014e4d800 1703       1       com.android.dx.dex.code.RopTranslator::access$100 (5 bytes)
Event: 4.100 Thread 0x0000000014e4d800 nmethod 1703 0x0000000002e40e90 code [0x0000000002e40fe0, 0x0000000002e410d0]
Event: 4.101 Thread 0x0000000014e4d800 1705       2       com.android.dx.rop.type.Type::getComponentType (70 bytes)
Event: 4.102 Thread 0x0000000014e4d800 nmethod 1705 0x0000000002e40490 code [0x0000000002e40660, 0x0000000002e40b48]

GC Heap History (6 events):
Event: 0.710 GC heap before
{Heap before GC invocations=1 (full 0):
 PSYoungGen      total 18944K, used 16384K [0x00000000eab00000, 0x00000000ec000000, 0x0000000100000000)
  eden space 16384K, 100% used [0x00000000eab00000,0x00000000ebb00000,0x00000000ebb00000)
  from space 2560K, 0% used [0x00000000ebd80000,0x00000000ebd80000,0x00000000ec000000)
  to   space 2560K, 0% used [0x00000000ebb00000,0x00000000ebb00000,0x00000000ebd80000)
 ParOldGen       total 44032K, used 0K [0x00000000c0000000, 0x00000000c2b00000, 0x00000000eab00000)
  object space 44032K, 0% used [0x00000000c0000000,0x00000000c0000000,0x00000000c2b00000)
 Metaspace       used 5769K, capacity 6768K, committed 7040K, reserved 1056768K
  class space    used 598K, capacity 616K, committed 640K, reserved 1048576K
Event: 0.848 GC heap after
Heap after GC invocations=1 (full 0):
 PSYoungGen      total 18944K, used 2551K [0x00000000eab00000, 0x00000000ed000000, 0x0000000100000000)
  eden space 16384K, 0% used [0x00000000eab00000,0x00000000eab00000,0x00000000ebb00000)
  from space 2560K, 99% used [0x00000000ebb00000,0x00000000ebd7dc98,0x00000000ebd80000)
  to   space 2560K, 0% used [0x00000000ecd80000,0x00000000ecd80000,0x00000000ed000000)
 ParOldGen       total 44032K, used 1507K [0x00000000c0000000, 0x00000000c2b00000, 0x00000000eab00000)
  object space 44032K, 3% used [0x00000000c0000000,0x00000000c0178ec8,0x00000000c2b00000)
 Metaspace       used 5769K, capacity 6768K, committed 7040K, reserved 1056768K
  class space    used 598K, capacity 616K, committed 640K, reserved 1048576K
}
Event: 1.511 GC heap before
{Heap before GC invocations=2 (full 0):
 PSYoungGen      total 18944K, used 18935K [0x00000000eab00000, 0x00000000ed000000, 0x0000000100000000)
  eden space 16384K, 100% used [0x00000000eab00000,0x00000000ebb00000,0x00000000ebb00000)
  from space 2560K, 99% used [0x00000000ebb00000,0x00000000ebd7dc98,0x00000000ebd80000)
  to   space 2560K, 0% used [0x00000000ecd80000,0x00000000ecd80000,0x00000000ed000000)
 ParOldGen       total 44032K, used 1507K [0x00000000c0000000, 0x00000000c2b00000, 0x00000000eab00000)
  object space 44032K, 3% used [0x00000000c0000000,0x00000000c0178ec8,0x00000000c2b00000)
 Metaspace       used 5998K, capacity 6896K, committed 7040K, reserved 1056768K
  class space    used 598K, capacity 616K, committed 640K, reserved 1048576K
Event: 1.649 GC heap after
Heap after GC invocations=2 (full 0):
 PSYoungGen      total 35328K, used 2551K [0x00000000eab00000, 0x00000000ed000000, 0x0000000100000000)
  eden space 32768K, 0% used [0x00000000eab00000,0x00000000eab00000,0x00000000ecb00000)
  from space 2560K, 99% used [0x00000000ecd80000,0x00000000ecffdc88,0x00000000ed000000)
  to   space 2560K, 0% used [0x00000000ecb00000,0x00000000ecb00000,0x00000000ecd80000)
 ParOldGen       total 44032K, used 3493K [0x00000000c0000000, 0x00000000c2b00000, 0x00000000eab00000)
  object space 44032K, 7% used [0x00000000c0000000,0x00000000c03697d8,0x00000000c2b00000)
 Metaspace       used 5998K, capacity 6896K, committed 7040K, reserved 1056768K
  class space    used 598K, capacity 616K, committed 640K, reserved 1048576K
}
Event: 3.307 GC heap before
{Heap before GC invocations=3 (full 0):
 PSYoungGen      total 35328K, used 35319K [0x00000000eab00000, 0x00000000ed000000, 0x0000000100000000)
  eden space 32768K, 100% used [0x00000000eab00000,0x00000000ecb00000,0x00000000ecb00000)
  from space 2560K, 99% used [0x00000000ecd80000,0x00000000ecffdc88,0x00000000ed000000)
  to   space 2560K, 0% used [0x00000000ecb00000,0x00000000ecb00000,0x00000000ecd80000)
 ParOldGen       total 44032K, used 3493K [0x00000000c0000000, 0x00000000c2b00000, 0x00000000eab00000)
  object space 44032K, 7% used [0x00000000c0000000,0x00000000c03697d8,0x00000000c2b00000)
 Metaspace       used 6172K, capacity 7088K, committed 7296K, reserved 1056768K
  class space    used 598K, capacity 616K, committed 640K, reserved 1048576K
Event: 3.590 GC heap after
Heap after GC invocations=3 (full 0):
 PSYoungGen      total 35328K, used 2531K [0x00000000eab00000, 0x00000000ed000000, 0x0000000100000000)
  eden space 32768K, 0% used [0x00000000eab00000,0x00000000eab00000,0x00000000ecb00000)
  from space 2560K, 98% used [0x00000000ecb00000,0x00000000ecd78e40,0x00000000ecd80000)
  to   space 2560K, 0% used [0x00000000ecd80000,0x00000000ecd80000,0x00000000ed000000)
 ParOldGen       total 44032K, used 8553K [0x00000000c0000000, 0x00000000c2b00000, 0x00000000eab00000)
  object space 44032K, 19% used [0x00000000c0000000,0x00000000c085a540,0x00000000c2b00000)
 Metaspace       used 6172K, capacity 7088K, committed 7296K, reserved 1056768K
  class space    used 598K, capacity 616K, committed 640K, reserved 1048576K
}

Deoptimization events (10 events):
Event: 3.770 Thread 0x0000000016c77800 Uncommon trap: reason=unstable_if action=reinterpret pc=0x0000000002c40bc4 method=java.util.HashMap.getNode(ILjava/lang/Object;)Ljava/util/HashMap$Node; @ 84
Event: 3.773 Thread 0x0000000016c77800 Uncommon trap: reason=unstable_if action=reinterpret pc=0x0000000002d2d658 method=java.util.HashMap.getNode(ILjava/lang/Object;)Ljava/util/HashMap$Node; @ 84
Event: 3.774 Thread 0x0000000002620800 Uncommon trap: reason=bimorphic action=maybe_recompile pc=0x0000000002dc1cdc method=com.android.dx.cf.code.BytecodeArray.parseInstruction(ILcom/android/dx/cf/code/BytecodeArray$Visitor;)I @ 1357
Event: 3.775 Thread 0x0000000002620800 Uncommon trap: reason=bimorphic action=maybe_recompile pc=0x0000000002dc1cdc method=com.android.dx.cf.code.BytecodeArray.parseInstruction(ILcom/android/dx/cf/code/BytecodeArray$Visitor;)I @ 1357
Event: 3.781 Thread 0x0000000002620800 Uncommon trap: reason=bimorphic action=maybe_recompile pc=0x0000000002dc1cdc method=com.android.dx.cf.code.BytecodeArray.parseInstruction(ILcom/android/dx/cf/code/BytecodeArray$Visitor;)I @ 1357
Event: 3.781 Thread 0x0000000002620800 Uncommon trap: reason=bimorphic action=maybe_recompile pc=0x0000000002dc1cdc method=com.android.dx.cf.code.BytecodeArray.parseInstruction(ILcom/android/dx/cf/code/BytecodeArray$Visitor;)I @ 1357
Event: 3.801 Thread 0x0000000002620800 Uncommon trap: reason=unstable_if action=reinterpret pc=0x0000000002c9dabc method=java.util.HashMap.putVal(ILjava/lang/Object;Ljava/lang/Object;ZZ)Ljava/lang/Object; @ 162
Event: 3.831 Thread 0x0000000016c79000 Uncommon trap: reason=unstable_if action=reinterpret pc=0x0000000002b401bc method=com.android.dx.util.IntList.binarysearch(I)I @ 105
Event: 3.834 Thread 0x0000000016c79000 Uncommon trap: reason=bimorphic action=maybe_recompile pc=0x0000000002d327f8 method=com.android.dx.ssa.LiteralOpUpgrader.tryReplacingWithConstant(Lcom/android/dx/ssa/NormalSsaInsn;)Z @ 52
Event: 3.839 Thread 0x0000000016c79000 Uncommon trap: reason=bimorphic action=maybe_recompile pc=0x0000000002d327f8 method=com.android.dx.ssa.LiteralOpUpgrader.tryReplacingWithConstant(Lcom/android/dx/ssa/NormalSsaInsn;)Z @ 52

Internal exceptions (6 events):
Event: 0.162 Thread 0x0000000002620800 Exception <a 'java/lang/NoSuchMethodError': Method sun.misc.Unsafe.defineClass(Ljava/lang/String;[BII)Ljava/lang/Class; name or signature does not match> (0x00000000eab0d5d8) thrown at [C:\workspace\8-2-build-windows-amd64-cygwin\jdk8u65\4987\hotspot\src\sNeëÿÀÄ?
Event: 0.162 Thread 0x0000000002620800 Exception <a 'java/lang/NoSuchMethodError': Method sun.misc.Unsafe.prefetchRead(Ljava/lang/Object;J)V name or signature does not match> (0x00000000eab0d8c0) thrown at [C:\workspace\8-2-build-windows-amd64-cygwin\jdk8u65\4987\hotspot\src\share\vm\prims\jni.çåë¢ý?
Event: 1.852 Thread 0x0000000016cb9800 Implicit null exception at 0x0000000002a75d44 to 0x0000000002a76a19
Event: 3.755 Thread 0x0000000016c77800 Exception <a 'java/lang/ArrayIndexOutOfBoundsException': 18> (0x00000000eac64688) thrown at [C:\workspace\8-2-build-windows-amd64-cygwin\jdk8u65\4987\hotspot\src\share\vm\interpreter\interpreterRuntime.cpp, line 366]
Event: 3.756 Thread 0x0000000016c77800 Exception <a 'java/lang/ArrayIndexOutOfBoundsException'> (0x00000000eac66208) thrown at [C:\workspace\8-2-build-windows-amd64-cygwin\jdk8u65\4987\hotspot\src\share\vm\runtime\sharedRuntime.cpp, line 605]
Event: 3.770 Thread 0x0000000016c77800 Exception <a 'java/lang/ArrayIndexOutOfBoundsException'> (0x00000000eac674f0) thrown at [C:\workspace\8-2-build-windows-amd64-cygwin\jdk8u65\4987\hotspot\src\share\vm\runtime\sharedRuntime.cpp, line 605]

Events (10 events):
Event: 3.834 Thread 0x0000000016c79000 DEOPT UNPACKING pc=0x000000000276582a sp=0x00000000174feb28 mode 2
Event: 3.839 Thread 0x0000000016c79000 Uncommon trap: trap_request=0xffffffc6 fr.pc=0x0000000002d327f8
Event: 3.839 Thread 0x0000000016c79000 DEOPT PACKING pc=0x0000000002d327f8 sp=0x00000000174fec20
Event: 3.839 Thread 0x0000000016c79000 DEOPT UNPACKING pc=0x000000000276582a sp=0x00000000174feb28 mode 2
Event: 3.855 Thread 0x0000000016c79000 DEOPT PACKING pc=0x0000000002b4946c sp=0x00000000174febe0
Event: 3.855 Thread 0x0000000016c79000 DEOPT UNPACKING pc=0x000000000276787f sp=0x00000000174fe960 mode 0
Event: 3.857 Thread 0x0000000016c79000 DEOPT PACKING pc=0x0000000002aa7efd sp=0x00000000174fed20
Event: 3.857 Thread 0x0000000016c79000 DEOPT UNPACKING pc=0x000000000276787f sp=0x00000000174feac0 mode 0
Event: 4.097 Thread 0x0000000016c79000 DEOPT PACKING pc=0x0000000002b4946c sp=0x00000000174fece0
Event: 4.097 Thread 0x0000000016c79000 DEOPT UNPACKING pc=0x000000000276787f sp=0x00000000174fea60 mode 0


Dynamic libraries:
0x00007ff678670000 - 0x00007ff6786a7000 	C:\Program Files\Java\jdk1.8.0_65\bin\java.exe
0x00007ff8aabd0000 - 0x00007ff8aad79000 	C:\Windows\SYSTEM32\ntdll.dll
0x00007ff8aa6d0000 - 0x00007ff8aa80a000 	C:\Windows\system32\KERNEL32.DLL
0x00007ff8a8200000 - 0x00007ff8a830f000 	C:\Windows\system32\KERNELBASE.dll
0x00007ff8a8780000 - 0x00007ff8a8825000 	C:\Windows\system32\ADVAPI32.dll
0x00007ff8aa360000 - 0x00007ff8aa4d1000 	C:\Windows\system32\USER32.dll
0x00007ff8a5110000 - 0x00007ff8a536a000 	C:\Windows\WinSxS\amd64_microsoft.windows.common-controls_6595b64144ccf1df_6.0.9600.16384_none_62475f7becb72503\COMCTL32.dll
0x00007ff8aa2a0000 - 0x00007ff8aa347000 	C:\Windows\system32\msvcrt.dll
0x00007ff8a8b50000 - 0x00007ff8a8ba7000 	C:\Windows\SYSTEM32\sechost.dll
0x00007ff8a8460000 - 0x00007ff8a8596000 	C:\Windows\system32\RPCRT4.dll
0x00007ff8aa9c0000 - 0x00007ff8aab05000 	C:\Windows\system32\GDI32.dll
0x00007ff8aa5a0000 - 0x00007ff8aa5d4000 	C:\Windows\system32\IMM32.DLL
0x00007ff8a8a10000 - 0x00007ff8a8b49000 	C:\Windows\system32\MSCTF.dll
0x00000000515d0000 - 0x00000000516a2000 	C:\Program Files\Java\jdk1.8.0_65\jre\bin\msvcr100.dll
0x0000000051a50000 - 0x00000000522d9000 	C:\Program Files\Java\jdk1.8.0_65\jre\bin\server\jvm.dll
0x00007ff8a15f0000 - 0x00007ff8a15f9000 	C:\Windows\SYSTEM32\WSOCK32.dll
0x00007ff899a10000 - 0x00007ff899a2f000 	C:\Windows\SYSTEM32\WINMM.dll
0x00007ff8a3a20000 - 0x00007ff8a3a2a000 	C:\Windows\SYSTEM32\VERSION.dll
0x00007ff8aa350000 - 0x00007ff8aa357000 	C:\Windows\system32\PSAPI.DLL
0x00007ff8a8720000 - 0x00007ff8a8778000 	C:\Windows\system32\WS2_32.dll
0x00007ff8999e0000 - 0x00007ff899a0a000 	C:\Windows\SYSTEM32\WINMMBASE.dll
0x00007ff8aa590000 - 0x00007ff8aa599000 	C:\Windows\system32\NSI.dll
0x00007ff8a8410000 - 0x00007ff8a845a000 	C:\Windows\SYSTEM32\cfgmgr32.dll
0x00007ff8a6da0000 - 0x00007ff8a6dc6000 	C:\Windows\SYSTEM32\DEVOBJ.dll
0x0000000051a40000 - 0x0000000051a4f000 	C:\Program Files\Java\jdk1.8.0_65\jre\bin\verify.dll
0x0000000051a10000 - 0x0000000051a39000 	C:\Program Files\Java\jdk1.8.0_65\jre\bin\java.dll
0x00000000519f0000 - 0x0000000051a06000 	C:\Program Files\Java\jdk1.8.0_65\jre\bin\zip.dll
0x00007ff8a8e90000 - 0x00007ff8aa29e000 	C:\Windows\system32\SHELL32.dll
0x00007ff8a8bb0000 - 0x00007ff8a8d87000 	C:\Windows\SYSTEM32\combase.dll
0x00007ff8a8e30000 - 0x00007ff8a8e81000 	C:\Windows\system32\SHLWAPI.dll
0x00007ff8a63a0000 - 0x00007ff8a6441000 	C:\Windows\SYSTEM32\SHCORE.dll
0x00007ff8a7f50000 - 0x00007ff8a7f64000 	C:\Windows\SYSTEM32\profapi.dll

VM Arguments:
jvm_args: -Djava.awt.headless=true -Xmx1024M -Dfile.encoding=windows-1252 -Duser.country=IN -Duser.language=en -Duser.variant 
java_command: com.android.dx.command.Main --dex --num-threads=4 --output C:\Users\ankit\AndroidStudioProjects\Project\app\build\intermediates\pre-dexed\debug\com.android.support-recyclerview-v7-23.1.1_bae4070da1d63d9ff7d00b36c64d43f1edeeb1d8.jar C:\Users\ankit\AndroidStudioProjects\Project\app\build\intermediates\exploded-aar\com.android.support\recyclerview-v7\23.1.1\jars\classes.jar
java_class_path (initial): C:\Users\ankit\AppData\Local\Android\sdk\build-tools\23.0.2\lib\dx.jar
Launcher Type: SUN_STANDARD

Environment Variables:
PATH=C:\Python27\;C:\Python27\Scripts;C:\ProgramData\Oracle\Java\javapath;C:\Windows\system32;C:\Windows;C:\Windows\System32\Wbem;C:\Windows\System32\WindowsPowerShell\v1.0\;C:\cygwin64\bin;C:\Users\ankit\Batch;C:\Program Files\Java\jdk1.8.0_51\bin;C:\adb;C:\Program Files (x86)\MySQL\MySQL Fabric 1.5.4 & MySQL Utilities 1.5.4 1.5\;C:\Program Files (x86)\MySQL\MySQL Fabric 1.5.4 & MySQL Utilities 1.5.4 1.5\Doctrine extensions for PHP\;C:\Program Files (x86)\Common Files\lenovo\easyplussdk\bin;C:\Program Files\Java\jdk1.8.0_65\bin;C:\Users\ankit\Documents\SQL Lite;C:\Users\ankit\Desktop\dex2jar-2.0
USERNAME=ankit
OS=Windows_NT
PROCESSOR_IDENTIFIER=Intel64 Family 6 Model 58 Stepping 9, GenuineIntel



---------------  S Y S T E M  ---------------

OS: Windows 8.1 , 64 bit Build 9600 (6.3.9600.16384)

CPU:total 4 (4 cores per cpu, 1 threads per core) family 6 model 58 stepping 9, cmov, cx8, fxsr, mmx, sse, sse2, sse3, ssse3, sse4.1, sse4.2, popcnt, avx, aes, clmul, erms, tsc, tscinvbit, tscinv

Memory: 4k page, physical 4092312k(754916k free), swap 5328912k(5748k free)

vm_info: Java HotSpot(TM) 64-Bit Server VM (25.65-b01) for windows-amd64 JRE (1.8.0_65-b17), built on Oct  6 2015 16:39:20 by "java_re" with MS VC++ 10.0 (VS2010)

time: Tue Mar 08 14:04:43 2016
elapsed time: 4 seconds (0d 0h 0m 4s)

